


Processing ReviewController#index (for 127.0.0.1 at 2007-10-30 11:48:35) [GET]
  Session ID: dd7c1d3185bef1008d5c2ef50e01935f
  Parameters: {"action"=>"index", "controller"=>"review"}


Mysql::Error (#28000Access denied for user 'rivaoscar'@'localhost' (using password: YES)):
    /vendor/rails/activerecord/lib/active_record/vendor/mysql.rb:523:in `read'
    /vendor/rails/activerecord/lib/active_record/vendor/mysql.rb:153:in `real_connect'
    /vendor/rails/activerecord/lib/active_record/connection_adapters/mysql_adapter.rb:389:in `connect'
    /vendor/rails/activerecord/lib/active_record/connection_adapters/mysql_adapter.rb:152:in `initialize'
    /vendor/rails/activerecord/lib/active_record/connection_adapters/mysql_adapter.rb:82:in `new'
    /vendor/rails/activerecord/lib/active_record/connection_adapters/mysql_adapter.rb:82:in `mysql_connection'
    /vendor/rails/activerecord/lib/active_record/connection_adapters/abstract/connection_specification.rb:262:in `send'
    /vendor/rails/activerecord/lib/active_record/connection_adapters/abstract/connection_specification.rb:262:in `connection_without_query_cache='
    /vendor/rails/activerecord/lib/active_record/query_cache.rb:54:in `connection='
    /vendor/rails/activerecord/lib/active_record/connection_adapters/abstract/connection_specification.rb:230:in `retrieve_connection'
    /vendor/rails/activerecord/lib/active_record/connection_adapters/abstract/connection_specification.rb:78:in `connection'
    /vendor/rails/activerecord/lib/active_record/base.rb:1139:in `add_limit!'
    /vendor/rails/activerecord/lib/active_record/base.rb:1101:in `construct_finder_sql'
    /vendor/rails/activerecord/lib/active_record/base.rb:997:in `find_every'
    /vendor/rails/activerecord/lib/active_record/base.rb:418:in `find'
    /app/controllers/review_controller.rb:4:in `index'
    /vendor/rails/actionpack/lib/action_controller/base.rb:1095:in `send'
    /vendor/rails/actionpack/lib/action_controller/base.rb:1095:in `perform_action_without_filters'
    /vendor/rails/actionpack/lib/action_controller/filters.rb:632:in `call_filter'
    /vendor/rails/actionpack/lib/action_controller/filters.rb:619:in `perform_action_without_benchmark'
    /vendor/rails/actionpack/lib/action_controller/benchmarking.rb:66:in `perform_action_without_rescue'
    c:/ruby/lib/ruby/1.8/benchmark.rb:293:in `measure'
    /vendor/rails/actionpack/lib/action_controller/benchmarking.rb:66:in `perform_action_without_rescue'
    /vendor/rails/actionpack/lib/action_controller/rescue.rb:83:in `perform_action'
    /vendor/rails/actionpack/lib/action_controller/base.rb:430:in `send'
    /vendor/rails/actionpack/lib/action_controller/base.rb:430:in `process_without_filters'
    /vendor/rails/actionpack/lib/action_controller/filters.rb:624:in `process_without_session_management_support'
    /vendor/rails/actionpack/lib/action_controller/session_management.rb:114:in `process'
    /vendor/rails/actionpack/lib/action_controller/base.rb:330:in `process'
    /vendor/rails/railties/lib/dispatcher.rb:41:in `dispatch'
    /vendor/rails/railties/lib/webrick_server.rb:113:in `handle_dispatch'
    /vendor/rails/railties/lib/webrick_server.rb:79:in `service'
    c:/ruby/lib/ruby/1.8/webrick/httpserver.rb:104:in `service'
    c:/ruby/lib/ruby/1.8/webrick/httpserver.rb:65:in `run'
    c:/ruby/lib/ruby/1.8/webrick/server.rb:173:in `start_thread'
    c:/ruby/lib/ruby/1.8/webrick/server.rb:162:in `start'
    c:/ruby/lib/ruby/1.8/webrick/server.rb:162:in `start_thread'
    c:/ruby/lib/ruby/1.8/webrick/server.rb:95:in `start'
    c:/ruby/lib/ruby/1.8/webrick/server.rb:92:in `each'
    c:/ruby/lib/ruby/1.8/webrick/server.rb:92:in `start'
    c:/ruby/lib/ruby/1.8/webrick/server.rb:23:in `start'
    c:/ruby/lib/ruby/1.8/webrick/server.rb:82:in `start'
    /vendor/rails/railties/lib/webrick_server.rb:63:in `dispatch'
    /vendor/rails/railties/lib/commands/servers/webrick.rb:59
    c:/ruby/lib/ruby/site_ruby/1.8/rubygems/custom_require.rb:27:in `gem_original_require'
    c:/ruby/lib/ruby/site_ruby/1.8/rubygems/custom_require.rb:27:in `require'
    /vendor/rails/activesupport/lib/active_support/dependencies.rb:495:in `require'
    /vendor/rails/activesupport/lib/active_support/dependencies.rb:342:in `new_constants_in'
    /vendor/rails/activesupport/lib/active_support/dependencies.rb:495:in `require'
    /vendor/rails/railties/lib/commands/server.rb:39
    c:/ruby/lib/ruby/site_ruby/1.8/rubygems/custom_require.rb:27:in `gem_original_require'
    c:/ruby/lib/ruby/site_ruby/1.8/rubygems/custom_require.rb:27:in `require'
    ./script/server:3
    -e:4:in `load'
    -e:4


Rendering ./script/../config/../vendor/rails/actionpack/lib/action_controller/templates/rescues/layout.rhtml (500 Internal Error)


Processing ReviewController#index (for 127.0.0.1 at 2007-10-30 11:49:43) [GET]
  Session ID: dd7c1d3185bef1008d5c2ef50e01935f
  Parameters: {"action"=>"index", "controller"=>"review"}


Mysql::Error (#28000Access denied for user 'rivaoscar'@'localhost' (using password: YES)):
    /vendor/rails/activerecord/lib/active_record/vendor/mysql.rb:523:in `read'
    /vendor/rails/activerecord/lib/active_record/vendor/mysql.rb:153:in `real_connect'
    /vendor/rails/activerecord/lib/active_record/connection_adapters/mysql_adapter.rb:389:in `connect'
    /vendor/rails/activerecord/lib/active_record/connection_adapters/mysql_adapter.rb:152:in `initialize'
    /vendor/rails/activerecord/lib/active_record/connection_adapters/mysql_adapter.rb:82:in `new'
    /vendor/rails/activerecord/lib/active_record/connection_adapters/mysql_adapter.rb:82:in `mysql_connection'
    /vendor/rails/activerecord/lib/active_record/connection_adapters/abstract/connection_specification.rb:262:in `send'
    /vendor/rails/activerecord/lib/active_record/connection_adapters/abstract/connection_specification.rb:262:in `connection_without_query_cache='
    /vendor/rails/activerecord/lib/active_record/query_cache.rb:54:in `connection='
    /vendor/rails/activerecord/lib/active_record/connection_adapters/abstract/connection_specification.rb:230:in `retrieve_connection'
    /vendor/rails/activerecord/lib/active_record/connection_adapters/abstract/connection_specification.rb:78:in `connection'
    /vendor/rails/activerecord/lib/active_record/base.rb:1139:in `add_limit!'
    /vendor/rails/activerecord/lib/active_record/base.rb:1101:in `construct_finder_sql'
    /vendor/rails/activerecord/lib/active_record/base.rb:997:in `find_every'
    /vendor/rails/activerecord/lib/active_record/base.rb:418:in `find'
    /app/controllers/review_controller.rb:4:in `index'
    /vendor/rails/actionpack/lib/action_controller/base.rb:1095:in `send'
    /vendor/rails/actionpack/lib/action_controller/base.rb:1095:in `perform_action_without_filters'
    /vendor/rails/actionpack/lib/action_controller/filters.rb:632:in `call_filter'
    /vendor/rails/actionpack/lib/action_controller/filters.rb:619:in `perform_action_without_benchmark'
    /vendor/rails/actionpack/lib/action_controller/benchmarking.rb:66:in `perform_action_without_rescue'
    c:/ruby/lib/ruby/1.8/benchmark.rb:293:in `measure'
    /vendor/rails/actionpack/lib/action_controller/benchmarking.rb:66:in `perform_action_without_rescue'
    /vendor/rails/actionpack/lib/action_controller/rescue.rb:83:in `perform_action'
    /vendor/rails/actionpack/lib/action_controller/base.rb:430:in `send'
    /vendor/rails/actionpack/lib/action_controller/base.rb:430:in `process_without_filters'
    /vendor/rails/actionpack/lib/action_controller/filters.rb:624:in `process_without_session_management_support'
    /vendor/rails/actionpack/lib/action_controller/session_management.rb:114:in `process'
    /vendor/rails/actionpack/lib/action_controller/base.rb:330:in `process'
    /vendor/rails/railties/lib/dispatcher.rb:41:in `dispatch'
    /vendor/rails/railties/lib/webrick_server.rb:113:in `handle_dispatch'
    /vendor/rails/railties/lib/webrick_server.rb:79:in `service'
    c:/ruby/lib/ruby/1.8/webrick/httpserver.rb:104:in `service'
    c:/ruby/lib/ruby/1.8/webrick/httpserver.rb:65:in `run'
    c:/ruby/lib/ruby/1.8/webrick/server.rb:173:in `start_thread'
    c:/ruby/lib/ruby/1.8/webrick/server.rb:162:in `start'
    c:/ruby/lib/ruby/1.8/webrick/server.rb:162:in `start_thread'
    c:/ruby/lib/ruby/1.8/webrick/server.rb:95:in `start'
    c:/ruby/lib/ruby/1.8/webrick/server.rb:92:in `each'
    c:/ruby/lib/ruby/1.8/webrick/server.rb:92:in `start'
    c:/ruby/lib/ruby/1.8/webrick/server.rb:23:in `start'
    c:/ruby/lib/ruby/1.8/webrick/server.rb:82:in `start'
    /vendor/rails/railties/lib/webrick_server.rb:63:in `dispatch'
    /vendor/rails/railties/lib/commands/servers/webrick.rb:59
    c:/ruby/lib/ruby/site_ruby/1.8/rubygems/custom_require.rb:27:in `gem_original_require'
    c:/ruby/lib/ruby/site_ruby/1.8/rubygems/custom_require.rb:27:in `require'
    /vendor/rails/activesupport/lib/active_support/dependencies.rb:495:in `require'
    /vendor/rails/activesupport/lib/active_support/dependencies.rb:342:in `new_constants_in'
    /vendor/rails/activesupport/lib/active_support/dependencies.rb:495:in `require'
    /vendor/rails/railties/lib/commands/server.rb:39
    c:/ruby/lib/ruby/site_ruby/1.8/rubygems/custom_require.rb:27:in `gem_original_require'
    c:/ruby/lib/ruby/site_ruby/1.8/rubygems/custom_require.rb:27:in `require'
    ./script/server:3
    -e:4:in `load'
    -e:4


Rendering ./script/../config/../vendor/rails/actionpack/lib/action_controller/templates/rescues/layout.rhtml (500 Internal Error)


Processing ReviewController#index (for 127.0.0.1 at 2007-10-30 11:49:48) [GET]
  Session ID: dd7c1d3185bef1008d5c2ef50e01935f
  Parameters: {"action"=>"index", "controller"=>"review"}


Mysql::Error (#28000Access denied for user 'rivaoscar'@'localhost' (using password: YES)):
    /vendor/rails/activerecord/lib/active_record/vendor/mysql.rb:523:in `read'
    /vendor/rails/activerecord/lib/active_record/vendor/mysql.rb:153:in `real_connect'
    /vendor/rails/activerecord/lib/active_record/connection_adapters/mysql_adapter.rb:389:in `connect'
    /vendor/rails/activerecord/lib/active_record/connection_adapters/mysql_adapter.rb:152:in `initialize'
    /vendor/rails/activerecord/lib/active_record/connection_adapters/mysql_adapter.rb:82:in `new'
    /vendor/rails/activerecord/lib/active_record/connection_adapters/mysql_adapter.rb:82:in `mysql_connection'
    /vendor/rails/activerecord/lib/active_record/connection_adapters/abstract/connection_specification.rb:262:in `send'
    /vendor/rails/activerecord/lib/active_record/connection_adapters/abstract/connection_specification.rb:262:in `connection_without_query_cache='
    /vendor/rails/activerecord/lib/active_record/query_cache.rb:54:in `connection='
    /vendor/rails/activerecord/lib/active_record/connection_adapters/abstract/connection_specification.rb:230:in `retrieve_connection'
    /vendor/rails/activerecord/lib/active_record/connection_adapters/abstract/connection_specification.rb:78:in `connection'
    /vendor/rails/activerecord/lib/active_record/base.rb:1139:in `add_limit!'
    /vendor/rails/activerecord/lib/active_record/base.rb:1101:in `construct_finder_sql'
    /vendor/rails/activerecord/lib/active_record/base.rb:997:in `find_every'
    /vendor/rails/activerecord/lib/active_record/base.rb:418:in `find'
    /app/controllers/review_controller.rb:4:in `index'
    /vendor/rails/actionpack/lib/action_controller/base.rb:1095:in `send'
    /vendor/rails/actionpack/lib/action_controller/base.rb:1095:in `perform_action_without_filters'
    /vendor/rails/actionpack/lib/action_controller/filters.rb:632:in `call_filter'
    /vendor/rails/actionpack/lib/action_controller/filters.rb:619:in `perform_action_without_benchmark'
    /vendor/rails/actionpack/lib/action_controller/benchmarking.rb:66:in `perform_action_without_rescue'
    c:/ruby/lib/ruby/1.8/benchmark.rb:293:in `measure'
    /vendor/rails/actionpack/lib/action_controller/benchmarking.rb:66:in `perform_action_without_rescue'
    /vendor/rails/actionpack/lib/action_controller/rescue.rb:83:in `perform_action'
    /vendor/rails/actionpack/lib/action_controller/base.rb:430:in `send'
    /vendor/rails/actionpack/lib/action_controller/base.rb:430:in `process_without_filters'
    /vendor/rails/actionpack/lib/action_controller/filters.rb:624:in `process_without_session_management_support'
    /vendor/rails/actionpack/lib/action_controller/session_management.rb:114:in `process'
    /vendor/rails/actionpack/lib/action_controller/base.rb:330:in `process'
    /vendor/rails/railties/lib/dispatcher.rb:41:in `dispatch'
    /vendor/rails/railties/lib/webrick_server.rb:113:in `handle_dispatch'
    /vendor/rails/railties/lib/webrick_server.rb:79:in `service'
    c:/ruby/lib/ruby/1.8/webrick/httpserver.rb:104:in `service'
    c:/ruby/lib/ruby/1.8/webrick/httpserver.rb:65:in `run'
    c:/ruby/lib/ruby/1.8/webrick/server.rb:173:in `start_thread'
    c:/ruby/lib/ruby/1.8/webrick/server.rb:162:in `start'
    c:/ruby/lib/ruby/1.8/webrick/server.rb:162:in `start_thread'
    c:/ruby/lib/ruby/1.8/webrick/server.rb:95:in `start'
    c:/ruby/lib/ruby/1.8/webrick/server.rb:92:in `each'
    c:/ruby/lib/ruby/1.8/webrick/server.rb:92:in `start'
    c:/ruby/lib/ruby/1.8/webrick/server.rb:23:in `start'
    c:/ruby/lib/ruby/1.8/webrick/server.rb:82:in `start'
    /vendor/rails/railties/lib/webrick_server.rb:63:in `dispatch'
    /vendor/rails/railties/lib/commands/servers/webrick.rb:59
    c:/ruby/lib/ruby/site_ruby/1.8/rubygems/custom_require.rb:27:in `gem_original_require'
    c:/ruby/lib/ruby/site_ruby/1.8/rubygems/custom_require.rb:27:in `require'
    /vendor/rails/activesupport/lib/active_support/dependencies.rb:495:in `require'
    /vendor/rails/activesupport/lib/active_support/dependencies.rb:342:in `new_constants_in'
    /vendor/rails/activesupport/lib/active_support/dependencies.rb:495:in `require'
    /vendor/rails/railties/lib/commands/server.rb:39
    c:/ruby/lib/ruby/site_ruby/1.8/rubygems/custom_require.rb:27:in `gem_original_require'
    c:/ruby/lib/ruby/site_ruby/1.8/rubygems/custom_require.rb:27:in `require'
    ./script/server:3
    -e:4:in `load'
    -e:4


Rendering ./script/../config/../vendor/rails/actionpack/lib/action_controller/templates/rescues/layout.rhtml (500 Internal Error)


Processing ReviewController#index (for 127.0.0.1 at 2007-10-30 11:49:49) [GET]
  Session ID: dd7c1d3185bef1008d5c2ef50e01935f
  Parameters: {"action"=>"index", "controller"=>"review"}


Mysql::Error (#28000Access denied for user 'rivaoscar'@'localhost' (using password: YES)):
    /vendor/rails/activerecord/lib/active_record/vendor/mysql.rb:523:in `read'
    /vendor/rails/activerecord/lib/active_record/vendor/mysql.rb:153:in `real_connect'
    /vendor/rails/activerecord/lib/active_record/connection_adapters/mysql_adapter.rb:389:in `connect'
    /vendor/rails/activerecord/lib/active_record/connection_adapters/mysql_adapter.rb:152:in `initialize'
    /vendor/rails/activerecord/lib/active_record/connection_adapters/mysql_adapter.rb:82:in `new'
    /vendor/rails/activerecord/lib/active_record/connection_adapters/mysql_adapter.rb:82:in `mysql_connection'
    /vendor/rails/activerecord/lib/active_record/connection_adapters/abstract/connection_specification.rb:262:in `send'
    /vendor/rails/activerecord/lib/active_record/connection_adapters/abstract/connection_specification.rb:262:in `connection_without_query_cache='
    /vendor/rails/activerecord/lib/active_record/query_cache.rb:54:in `connection='
    /vendor/rails/activerecord/lib/active_record/connection_adapters/abstract/connection_specification.rb:230:in `retrieve_connection'
    /vendor/rails/activerecord/lib/active_record/connection_adapters/abstract/connection_specification.rb:78:in `connection'
    /vendor/rails/activerecord/lib/active_record/base.rb:1139:in `add_limit!'
    /vendor/rails/activerecord/lib/active_record/base.rb:1101:in `construct_finder_sql'
    /vendor/rails/activerecord/lib/active_record/base.rb:997:in `find_every'
    /vendor/rails/activerecord/lib/active_record/base.rb:418:in `find'
    /app/controllers/review_controller.rb:4:in `index'
    /vendor/rails/actionpack/lib/action_controller/base.rb:1095:in `send'
    /vendor/rails/actionpack/lib/action_controller/base.rb:1095:in `perform_action_without_filters'
    /vendor/rails/actionpack/lib/action_controller/filters.rb:632:in `call_filter'
    /vendor/rails/actionpack/lib/action_controller/filters.rb:619:in `perform_action_without_benchmark'
    /vendor/rails/actionpack/lib/action_controller/benchmarking.rb:66:in `perform_action_without_rescue'
    c:/ruby/lib/ruby/1.8/benchmark.rb:293:in `measure'
    /vendor/rails/actionpack/lib/action_controller/benchmarking.rb:66:in `perform_action_without_rescue'
    /vendor/rails/actionpack/lib/action_controller/rescue.rb:83:in `perform_action'
    /vendor/rails/actionpack/lib/action_controller/base.rb:430:in `send'
    /vendor/rails/actionpack/lib/action_controller/base.rb:430:in `process_without_filters'
    /vendor/rails/actionpack/lib/action_controller/filters.rb:624:in `process_without_session_management_support'
    /vendor/rails/actionpack/lib/action_controller/session_management.rb:114:in `process'
    /vendor/rails/actionpack/lib/action_controller/base.rb:330:in `process'
    /vendor/rails/railties/lib/dispatcher.rb:41:in `dispatch'
    /vendor/rails/railties/lib/webrick_server.rb:113:in `handle_dispatch'
    /vendor/rails/railties/lib/webrick_server.rb:79:in `service'
    c:/ruby/lib/ruby/1.8/webrick/httpserver.rb:104:in `service'
    c:/ruby/lib/ruby/1.8/webrick/httpserver.rb:65:in `run'
    c:/ruby/lib/ruby/1.8/webrick/server.rb:173:in `start_thread'
    c:/ruby/lib/ruby/1.8/webrick/server.rb:162:in `start'
    c:/ruby/lib/ruby/1.8/webrick/server.rb:162:in `start_thread'
    c:/ruby/lib/ruby/1.8/webrick/server.rb:95:in `start'
    c:/ruby/lib/ruby/1.8/webrick/server.rb:92:in `each'
    c:/ruby/lib/ruby/1.8/webrick/server.rb:92:in `start'
    c:/ruby/lib/ruby/1.8/webrick/server.rb:23:in `start'
    c:/ruby/lib/ruby/1.8/webrick/server.rb:82:in `start'
    /vendor/rails/railties/lib/webrick_server.rb:63:in `dispatch'
    /vendor/rails/railties/lib/commands/servers/webrick.rb:59
    c:/ruby/lib/ruby/site_ruby/1.8/rubygems/custom_require.rb:27:in `gem_original_require'
    c:/ruby/lib/ruby/site_ruby/1.8/rubygems/custom_require.rb:27:in `require'
    /vendor/rails/activesupport/lib/active_support/dependencies.rb:495:in `require'
    /vendor/rails/activesupport/lib/active_support/dependencies.rb:342:in `new_constants_in'
    /vendor/rails/activesupport/lib/active_support/dependencies.rb:495:in `require'
    /vendor/rails/railties/lib/commands/server.rb:39
    c:/ruby/lib/ruby/site_ruby/1.8/rubygems/custom_require.rb:27:in `gem_original_require'
    c:/ruby/lib/ruby/site_ruby/1.8/rubygems/custom_require.rb:27:in `require'
    ./script/server:3
    -e:4:in `load'
    -e:4


Rendering ./script/../config/../vendor/rails/actionpack/lib/action_controller/templates/rescues/layout.rhtml (500 Internal Error)
