
/!\ FAILSAFE /!\  Mon Mar 24 09:42:38 +0100 2008
  Status: 500 Internal Server Error
  Access denied for user 'rivaoscar'@'localhost' to database 'rivaoscar_db2'
    /home/figura4/svn_working_dir/figura4_reviews_v2/vendor/rails/activerecord/lib/active_record/connection_adapters/mysql_adapter.rb:471:in `real_connect'
    /home/figura4/svn_working_dir/figura4_reviews_v2/vendor/rails/activerecord/lib/active_record/connection_adapters/mysql_adapter.rb:471:in `connect'
    /home/figura4/svn_working_dir/figura4_reviews_v2/vendor/rails/activerecord/lib/active_record/connection_adapters/mysql_adapter.rb:165:in `initialize'
    /home/figura4/svn_working_dir/figura4_reviews_v2/vendor/rails/activerecord/lib/active_record/connection_adapters/mysql_adapter.rb:88:in `new'
    /home/figura4/svn_working_dir/figura4_reviews_v2/vendor/rails/activerecord/lib/active_record/connection_adapters/mysql_adapter.rb:88:in `mysql_connection'
    /home/figura4/svn_working_dir/figura4_reviews_v2/vendor/rails/activerecord/lib/active_record/connection_adapters/abstract/connection_specification.rb:291:in `send'
    /home/figura4/svn_working_dir/figura4_reviews_v2/vendor/rails/activerecord/lib/active_record/connection_adapters/abstract/connection_specification.rb:291:in `connection='
    /home/figura4/svn_working_dir/figura4_reviews_v2/vendor/rails/activerecord/lib/active_record/connection_adapters/abstract/connection_specification.rb:259:in `retrieve_connection'
    /home/figura4/svn_working_dir/figura4_reviews_v2/vendor/rails/activerecord/lib/active_record/connection_adapters/abstract/connection_specification.rb:78:in `connection'
    /home/figura4/svn_working_dir/figura4_reviews_v2/vendor/rails/activerecord/lib/active_record/base.rb:1007:in `columns'
    /home/figura4/svn_working_dir/figura4_reviews_v2/vendor/rails/activerecord/lib/active_record/base.rb:1015:in `columns_hash'
    /home/figura4/svn_working_dir/figura4_reviews_v2/vendor/rails/actionpack/lib/action_controller/session/active_record_store.rb:105:in `setup_sessid_compatibility!'
    /home/figura4/svn_working_dir/figura4_reviews_v2/vendor/rails/actionpack/lib/action_controller/session/active_record_store.rb:79:in `find_by_session_id'
    /home/figura4/svn_working_dir/figura4_reviews_v2/vendor/rails/actionpack/lib/action_controller/session/active_record_store.rb:284:in `initialize'
    /home/figura4/svn_working_dir/figura4_reviews_v2/vendor/rails/activerecord/lib/active_record/base.rb:1125:in `silence'
    /home/figura4/svn_working_dir/figura4_reviews_v2/vendor/rails/actionpack/lib/action_controller/session/active_record_store.rb:284:in `initialize'
    /usr/lib/ruby/1.8/cgi/session.rb:273:in `new'
    /usr/lib/ruby/1.8/cgi/session.rb:273:in `initialize_without_cgi_reader'
    /home/figura4/svn_working_dir/figura4_reviews_v2/vendor/rails/actionpack/lib/action_controller/cgi_ext/session.rb:39:in `initialize'
    /home/figura4/svn_working_dir/figura4_reviews_v2/vendor/rails/actionpack/lib/action_controller/cgi_process.rb:130:in `new'
    /home/figura4/svn_working_dir/figura4_reviews_v2/vendor/rails/actionpack/lib/action_controller/cgi_process.rb:130:in `session'
    /home/figura4/svn_working_dir/figura4_reviews_v2/vendor/rails/actionpack/lib/action_controller/cgi_process.rb:166:in `stale_session_check!'
    /home/figura4/svn_working_dir/figura4_reviews_v2/vendor/rails/actionpack/lib/action_controller/cgi_process.rb:114:in `session'
    /home/figura4/svn_working_dir/figura4_reviews_v2/vendor/rails/actionpack/lib/action_controller/base.rb:1141:in `assign_shortcuts_without_flash'
    /home/figura4/svn_working_dir/figura4_reviews_v2/vendor/rails/actionpack/lib/action_controller/flash.rb:167:in `assign_shortcuts'
    /home/figura4/svn_working_dir/figura4_reviews_v2/vendor/rails/actionpack/lib/action_controller/base.rb:518:in `process_without_filters'
    /home/figura4/svn_working_dir/figura4_reviews_v2/vendor/rails/actionpack/lib/action_controller/filters.rb:685:in `process_without_session_management_support'
    /home/figura4/svn_working_dir/figura4_reviews_v2/vendor/rails/actionpack/lib/action_controller/session_management.rb:123:in `process'
    /home/figura4/svn_working_dir/figura4_reviews_v2/vendor/rails/actionpack/lib/action_controller/base.rb:388:in `process'
    /home/figura4/svn_working_dir/figura4_reviews_v2/vendor/rails/actionpack/lib/action_controller/dispatcher.rb:171:in `handle_request'
    /home/figura4/svn_working_dir/figura4_reviews_v2/vendor/rails/actionpack/lib/action_controller/dispatcher.rb:115:in `dispatch'
    /home/figura4/svn_working_dir/figura4_reviews_v2/vendor/rails/actionpack/lib/action_controller/dispatcher.rb:126:in `dispatch_cgi'
    /home/figura4/svn_working_dir/figura4_reviews_v2/vendor/rails/actionpack/lib/action_controller/dispatcher.rb:9:in `dispatch'
    /home/figura4/svn_working_dir/figura4_reviews_v2/vendor/rails/railties/lib/webrick_server.rb:112:in `handle_dispatch'
    /home/figura4/svn_working_dir/figura4_reviews_v2/vendor/rails/railties/lib/webrick_server.rb:78:in `service'
    /usr/lib/ruby/1.8/webrick/httpserver.rb:104:in `service'
    /usr/lib/ruby/1.8/webrick/httpserver.rb:65:in `run'
    /usr/lib/ruby/1.8/webrick/server.rb:173:in `start_thread'
    /usr/lib/ruby/1.8/webrick/server.rb:162:in `start'
    /usr/lib/ruby/1.8/webrick/server.rb:162:in `start_thread'
    /usr/lib/ruby/1.8/webrick/server.rb:95:in `start'
    /usr/lib/ruby/1.8/webrick/server.rb:92:in `each'
    /usr/lib/ruby/1.8/webrick/server.rb:92:in `start'
    /usr/lib/ruby/1.8/webrick/server.rb:23:in `start'
    /usr/lib/ruby/1.8/webrick/server.rb:82:in `start'
    /home/figura4/svn_working_dir/figura4_reviews_v2/vendor/rails/railties/lib/webrick_server.rb:62:in `dispatch'
    /home/figura4/svn_working_dir/figura4_reviews_v2/vendor/rails/railties/lib/commands/servers/webrick.rb:66
    /usr/local/lib/site_ruby/1.8/rubygems/custom_require.rb:27:in `gem_original_require'
    /usr/local/lib/site_ruby/1.8/rubygems/custom_require.rb:27:in `require'
    /home/figura4/svn_working_dir/figura4_reviews_v2/vendor/rails/activesupport/lib/active_support/dependencies.rb:496:in `require'
    /home/figura4/svn_working_dir/figura4_reviews_v2/vendor/rails/activesupport/lib/active_support/dependencies.rb:342:in `new_constants_in'
    /home/figura4/svn_working_dir/figura4_reviews_v2/vendor/rails/activesupport/lib/active_support/dependencies.rb:496:in `require'
    /home/figura4/svn_working_dir/figura4_reviews_v2/vendor/rails/railties/lib/commands/server.rb:39
    ./script/server:3:in `require'
    ./script/server:3
    -e:2:in `load'
    -e:2
/!\ FAILSAFE /!\  Mon Mar 24 09:42:45 +0100 2008
  Status: 500 Internal Server Error
  Access denied for user 'rivaoscar'@'localhost' to database 'rivaoscar_db2'
    /home/figura4/svn_working_dir/figura4_reviews_v2/vendor/rails/activerecord/lib/active_record/connection_adapters/mysql_adapter.rb:471:in `real_connect'
    /home/figura4/svn_working_dir/figura4_reviews_v2/vendor/rails/activerecord/lib/active_record/connection_adapters/mysql_adapter.rb:471:in `connect'
    /home/figura4/svn_working_dir/figura4_reviews_v2/vendor/rails/activerecord/lib/active_record/connection_adapters/mysql_adapter.rb:165:in `initialize'
    /home/figura4/svn_working_dir/figura4_reviews_v2/vendor/rails/activerecord/lib/active_record/connection_adapters/mysql_adapter.rb:88:in `new'
    /home/figura4/svn_working_dir/figura4_reviews_v2/vendor/rails/activerecord/lib/active_record/connection_adapters/mysql_adapter.rb:88:in `mysql_connection'
    /home/figura4/svn_working_dir/figura4_reviews_v2/vendor/rails/activerecord/lib/active_record/connection_adapters/abstract/connection_specification.rb:291:in `send'
    /home/figura4/svn_working_dir/figura4_reviews_v2/vendor/rails/activerecord/lib/active_record/connection_adapters/abstract/connection_specification.rb:291:in `connection='
    /home/figura4/svn_working_dir/figura4_reviews_v2/vendor/rails/activerecord/lib/active_record/connection_adapters/abstract/connection_specification.rb:259:in `retrieve_connection'
    /home/figura4/svn_working_dir/figura4_reviews_v2/vendor/rails/activerecord/lib/active_record/connection_adapters/abstract/connection_specification.rb:78:in `connection'
    /home/figura4/svn_working_dir/figura4_reviews_v2/vendor/rails/activerecord/lib/active_record/base.rb:1007:in `columns'
    /home/figura4/svn_working_dir/figura4_reviews_v2/vendor/rails/activerecord/lib/active_record/base.rb:1015:in `columns_hash'
    /home/figura4/svn_working_dir/figura4_reviews_v2/vendor/rails/actionpack/lib/action_controller/session/active_record_store.rb:105:in `setup_sessid_compatibility!'
    /home/figura4/svn_working_dir/figura4_reviews_v2/vendor/rails/actionpack/lib/action_controller/session/active_record_store.rb:79:in `find_by_session_id'
    /home/figura4/svn_working_dir/figura4_reviews_v2/vendor/rails/actionpack/lib/action_controller/session/active_record_store.rb:284:in `initialize'
    /home/figura4/svn_working_dir/figura4_reviews_v2/vendor/rails/activerecord/lib/active_record/base.rb:1125:in `silence'
    /home/figura4/svn_working_dir/figura4_reviews_v2/vendor/rails/actionpack/lib/action_controller/session/active_record_store.rb:284:in `initialize'
    /usr/lib/ruby/1.8/cgi/session.rb:273:in `new'
    /usr/lib/ruby/1.8/cgi/session.rb:273:in `initialize_without_cgi_reader'
    /home/figura4/svn_working_dir/figura4_reviews_v2/vendor/rails/actionpack/lib/action_controller/cgi_ext/session.rb:39:in `initialize'
    /home/figura4/svn_working_dir/figura4_reviews_v2/vendor/rails/actionpack/lib/action_controller/cgi_process.rb:130:in `new'
    /home/figura4/svn_working_dir/figura4_reviews_v2/vendor/rails/actionpack/lib/action_controller/cgi_process.rb:130:in `session'
    /home/figura4/svn_working_dir/figura4_reviews_v2/vendor/rails/actionpack/lib/action_controller/cgi_process.rb:166:in `stale_session_check!'
    /home/figura4/svn_working_dir/figura4_reviews_v2/vendor/rails/actionpack/lib/action_controller/cgi_process.rb:114:in `session'
    /home/figura4/svn_working_dir/figura4_reviews_v2/vendor/rails/actionpack/lib/action_controller/base.rb:1141:in `assign_shortcuts_without_flash'
    /home/figura4/svn_working_dir/figura4_reviews_v2/vendor/rails/actionpack/lib/action_controller/flash.rb:167:in `assign_shortcuts'
    /home/figura4/svn_working_dir/figura4_reviews_v2/vendor/rails/actionpack/lib/action_controller/base.rb:518:in `process_without_filters'
    /home/figura4/svn_working_dir/figura4_reviews_v2/vendor/rails/actionpack/lib/action_controller/filters.rb:685:in `process_without_session_management_support'
    /home/figura4/svn_working_dir/figura4_reviews_v2/vendor/rails/actionpack/lib/action_controller/session_management.rb:123:in `process'
    /home/figura4/svn_working_dir/figura4_reviews_v2/vendor/rails/actionpack/lib/action_controller/base.rb:388:in `process'
    /home/figura4/svn_working_dir/figura4_reviews_v2/vendor/rails/actionpack/lib/action_controller/dispatcher.rb:171:in `handle_request'
    /home/figura4/svn_working_dir/figura4_reviews_v2/vendor/rails/actionpack/lib/action_controller/dispatcher.rb:115:in `dispatch'
    /home/figura4/svn_working_dir/figura4_reviews_v2/vendor/rails/actionpack/lib/action_controller/dispatcher.rb:126:in `dispatch_cgi'
    /home/figura4/svn_working_dir/figura4_reviews_v2/vendor/rails/actionpack/lib/action_controller/dispatcher.rb:9:in `dispatch'
    /home/figura4/svn_working_dir/figura4_reviews_v2/vendor/rails/railties/lib/webrick_server.rb:112:in `handle_dispatch'
    /home/figura4/svn_working_dir/figura4_reviews_v2/vendor/rails/railties/lib/webrick_server.rb:78:in `service'
    /usr/lib/ruby/1.8/webrick/httpserver.rb:104:in `service'
    /usr/lib/ruby/1.8/webrick/httpserver.rb:65:in `run'
    /usr/lib/ruby/1.8/webrick/server.rb:173:in `start_thread'
    /usr/lib/ruby/1.8/webrick/server.rb:162:in `start'
    /usr/lib/ruby/1.8/webrick/server.rb:162:in `start_thread'
    /usr/lib/ruby/1.8/webrick/server.rb:95:in `start'
    /usr/lib/ruby/1.8/webrick/server.rb:92:in `each'
    /usr/lib/ruby/1.8/webrick/server.rb:92:in `start'
    /usr/lib/ruby/1.8/webrick/server.rb:23:in `start'
    /usr/lib/ruby/1.8/webrick/server.rb:82:in `start'
    /home/figura4/svn_working_dir/figura4_reviews_v2/vendor/rails/railties/lib/webrick_server.rb:62:in `dispatch'
    /home/figura4/svn_working_dir/figura4_reviews_v2/vendor/rails/railties/lib/commands/servers/webrick.rb:66
    /usr/local/lib/site_ruby/1.8/rubygems/custom_require.rb:27:in `gem_original_require'
    /usr/local/lib/site_ruby/1.8/rubygems/custom_require.rb:27:in `require'
    /home/figura4/svn_working_dir/figura4_reviews_v2/vendor/rails/activesupport/lib/active_support/dependencies.rb:496:in `require'
    /home/figura4/svn_working_dir/figura4_reviews_v2/vendor/rails/activesupport/lib/active_support/dependencies.rb:342:in `new_constants_in'
    /home/figura4/svn_working_dir/figura4_reviews_v2/vendor/rails/activesupport/lib/active_support/dependencies.rb:496:in `require'
    /home/figura4/svn_working_dir/figura4_reviews_v2/vendor/rails/railties/lib/commands/server.rb:39
    ./script/server:3:in `require'
    ./script/server:3
    -e:2:in `load'
    -e:2
/!\ FAILSAFE /!\  Mon Mar 24 09:42:48 +0100 2008
  Status: 500 Internal Server Error
  Access denied for user 'rivaoscar'@'localhost' to database 'rivaoscar_db2'
    /home/figura4/svn_working_dir/figura4_reviews_v2/vendor/rails/activerecord/lib/active_record/connection_adapters/mysql_adapter.rb:471:in `real_connect'
    /home/figura4/svn_working_dir/figura4_reviews_v2/vendor/rails/activerecord/lib/active_record/connection_adapters/mysql_adapter.rb:471:in `connect'
    /home/figura4/svn_working_dir/figura4_reviews_v2/vendor/rails/activerecord/lib/active_record/connection_adapters/mysql_adapter.rb:165:in `initialize'
    /home/figura4/svn_working_dir/figura4_reviews_v2/vendor/rails/activerecord/lib/active_record/connection_adapters/mysql_adapter.rb:88:in `new'
    /home/figura4/svn_working_dir/figura4_reviews_v2/vendor/rails/activerecord/lib/active_record/connection_adapters/mysql_adapter.rb:88:in `mysql_connection'
    /home/figura4/svn_working_dir/figura4_reviews_v2/vendor/rails/activerecord/lib/active_record/connection_adapters/abstract/connection_specification.rb:291:in `send'
    /home/figura4/svn_working_dir/figura4_reviews_v2/vendor/rails/activerecord/lib/active_record/connection_adapters/abstract/connection_specification.rb:291:in `connection='
    /home/figura4/svn_working_dir/figura4_reviews_v2/vendor/rails/activerecord/lib/active_record/connection_adapters/abstract/connection_specification.rb:259:in `retrieve_connection'
    /home/figura4/svn_working_dir/figura4_reviews_v2/vendor/rails/activerecord/lib/active_record/connection_adapters/abstract/connection_specification.rb:78:in `connection'
    /home/figura4/svn_working_dir/figura4_reviews_v2/vendor/rails/activerecord/lib/active_record/base.rb:1007:in `columns'
    /home/figura4/svn_working_dir/figura4_reviews_v2/vendor/rails/activerecord/lib/active_record/base.rb:1015:in `columns_hash'
    /home/figura4/svn_working_dir/figura4_reviews_v2/vendor/rails/actionpack/lib/action_controller/session/active_record_store.rb:105:in `setup_sessid_compatibility!'
    /home/figura4/svn_working_dir/figura4_reviews_v2/vendor/rails/actionpack/lib/action_controller/session/active_record_store.rb:79:in `find_by_session_id'
    /home/figura4/svn_working_dir/figura4_reviews_v2/vendor/rails/actionpack/lib/action_controller/session/active_record_store.rb:284:in `initialize'
    /home/figura4/svn_working_dir/figura4_reviews_v2/vendor/rails/activerecord/lib/active_record/base.rb:1125:in `silence'
    /home/figura4/svn_working_dir/figura4_reviews_v2/vendor/rails/actionpack/lib/action_controller/session/active_record_store.rb:284:in `initialize'
    /usr/lib/ruby/1.8/cgi/session.rb:273:in `new'
    /usr/lib/ruby/1.8/cgi/session.rb:273:in `initialize_without_cgi_reader'
    /home/figura4/svn_working_dir/figura4_reviews_v2/vendor/rails/actionpack/lib/action_controller/cgi_ext/session.rb:39:in `initialize'
    /home/figura4/svn_working_dir/figura4_reviews_v2/vendor/rails/actionpack/lib/action_controller/cgi_process.rb:130:in `new'
    /home/figura4/svn_working_dir/figura4_reviews_v2/vendor/rails/actionpack/lib/action_controller/cgi_process.rb:130:in `session'
    /home/figura4/svn_working_dir/figura4_reviews_v2/vendor/rails/actionpack/lib/action_controller/cgi_process.rb:166:in `stale_session_check!'
    /home/figura4/svn_working_dir/figura4_reviews_v2/vendor/rails/actionpack/lib/action_controller/cgi_process.rb:114:in `session'
    /home/figura4/svn_working_dir/figura4_reviews_v2/vendor/rails/actionpack/lib/action_controller/base.rb:1141:in `assign_shortcuts_without_flash'
    /home/figura4/svn_working_dir/figura4_reviews_v2/vendor/rails/actionpack/lib/action_controller/flash.rb:167:in `assign_shortcuts'
    /home/figura4/svn_working_dir/figura4_reviews_v2/vendor/rails/actionpack/lib/action_controller/base.rb:518:in `process_without_filters'
    /home/figura4/svn_working_dir/figura4_reviews_v2/vendor/rails/actionpack/lib/action_controller/filters.rb:685:in `process_without_session_management_support'
    /home/figura4/svn_working_dir/figura4_reviews_v2/vendor/rails/actionpack/lib/action_controller/session_management.rb:123:in `process'
    /home/figura4/svn_working_dir/figura4_reviews_v2/vendor/rails/actionpack/lib/action_controller/base.rb:388:in `process'
    /home/figura4/svn_working_dir/figura4_reviews_v2/vendor/rails/actionpack/lib/action_controller/dispatcher.rb:171:in `handle_request'
    /home/figura4/svn_working_dir/figura4_reviews_v2/vendor/rails/actionpack/lib/action_controller/dispatcher.rb:115:in `dispatch'
    /home/figura4/svn_working_dir/figura4_reviews_v2/vendor/rails/actionpack/lib/action_controller/dispatcher.rb:126:in `dispatch_cgi'
    /home/figura4/svn_working_dir/figura4_reviews_v2/vendor/rails/actionpack/lib/action_controller/dispatcher.rb:9:in `dispatch'
    /home/figura4/svn_working_dir/figura4_reviews_v2/vendor/rails/railties/lib/webrick_server.rb:112:in `handle_dispatch'
    /home/figura4/svn_working_dir/figura4_reviews_v2/vendor/rails/railties/lib/webrick_server.rb:78:in `service'
    /usr/lib/ruby/1.8/webrick/httpserver.rb:104:in `service'
    /usr/lib/ruby/1.8/webrick/httpserver.rb:65:in `run'
    /usr/lib/ruby/1.8/webrick/server.rb:173:in `start_thread'
    /usr/lib/ruby/1.8/webrick/server.rb:162:in `start'
    /usr/lib/ruby/1.8/webrick/server.rb:162:in `start_thread'
    /usr/lib/ruby/1.8/webrick/server.rb:95:in `start'
    /usr/lib/ruby/1.8/webrick/server.rb:92:in `each'
    /usr/lib/ruby/1.8/webrick/server.rb:92:in `start'
    /usr/lib/ruby/1.8/webrick/server.rb:23:in `start'
    /usr/lib/ruby/1.8/webrick/server.rb:82:in `start'
    /home/figura4/svn_working_dir/figura4_reviews_v2/vendor/rails/railties/lib/webrick_server.rb:62:in `dispatch'
    /home/figura4/svn_working_dir/figura4_reviews_v2/vendor/rails/railties/lib/commands/servers/webrick.rb:66
    /usr/local/lib/site_ruby/1.8/rubygems/custom_require.rb:27:in `gem_original_require'
    /usr/local/lib/site_ruby/1.8/rubygems/custom_require.rb:27:in `require'
    /home/figura4/svn_working_dir/figura4_reviews_v2/vendor/rails/activesupport/lib/active_support/dependencies.rb:496:in `require'
    /home/figura4/svn_working_dir/figura4_reviews_v2/vendor/rails/activesupport/lib/active_support/dependencies.rb:342:in `new_constants_in'
    /home/figura4/svn_working_dir/figura4_reviews_v2/vendor/rails/activesupport/lib/active_support/dependencies.rb:496:in `require'
    /home/figura4/svn_working_dir/figura4_reviews_v2/vendor/rails/railties/lib/commands/server.rb:39
    ./script/server:3:in `require'
    ./script/server:3
    -e:2:in `load'
    -e:2
/!\ FAILSAFE /!\  Mon Mar 24 09:42:49 +0100 2008
  Status: 500 Internal Server Error
  Access denied for user 'rivaoscar'@'localhost' to database 'rivaoscar_db2'
    /home/figura4/svn_working_dir/figura4_reviews_v2/vendor/rails/activerecord/lib/active_record/connection_adapters/mysql_adapter.rb:471:in `real_connect'
    /home/figura4/svn_working_dir/figura4_reviews_v2/vendor/rails/activerecord/lib/active_record/connection_adapters/mysql_adapter.rb:471:in `connect'
    /home/figura4/svn_working_dir/figura4_reviews_v2/vendor/rails/activerecord/lib/active_record/connection_adapters/mysql_adapter.rb:165:in `initialize'
    /home/figura4/svn_working_dir/figura4_reviews_v2/vendor/rails/activerecord/lib/active_record/connection_adapters/mysql_adapter.rb:88:in `new'
    /home/figura4/svn_working_dir/figura4_reviews_v2/vendor/rails/activerecord/lib/active_record/connection_adapters/mysql_adapter.rb:88:in `mysql_connection'
    /home/figura4/svn_working_dir/figura4_reviews_v2/vendor/rails/activerecord/lib/active_record/connection_adapters/abstract/connection_specification.rb:291:in `send'
    /home/figura4/svn_working_dir/figura4_reviews_v2/vendor/rails/activerecord/lib/active_record/connection_adapters/abstract/connection_specification.rb:291:in `connection='
    /home/figura4/svn_working_dir/figura4_reviews_v2/vendor/rails/activerecord/lib/active_record/connection_adapters/abstract/connection_specification.rb:259:in `retrieve_connection'
    /home/figura4/svn_working_dir/figura4_reviews_v2/vendor/rails/activerecord/lib/active_record/connection_adapters/abstract/connection_specification.rb:78:in `connection'
    /home/figura4/svn_working_dir/figura4_reviews_v2/vendor/rails/activerecord/lib/active_record/base.rb:1007:in `columns'
    /home/figura4/svn_working_dir/figura4_reviews_v2/vendor/rails/activerecord/lib/active_record/base.rb:1015:in `columns_hash'
    /home/figura4/svn_working_dir/figura4_reviews_v2/vendor/rails/actionpack/lib/action_controller/session/active_record_store.rb:105:in `setup_sessid_compatibility!'
    /home/figura4/svn_working_dir/figura4_reviews_v2/vendor/rails/actionpack/lib/action_controller/session/active_record_store.rb:79:in `find_by_session_id'
    /home/figura4/svn_working_dir/figura4_reviews_v2/vendor/rails/actionpack/lib/action_controller/session/active_record_store.rb:284:in `initialize'
    /home/figura4/svn_working_dir/figura4_reviews_v2/vendor/rails/activerecord/lib/active_record/base.rb:1125:in `silence'
    /home/figura4/svn_working_dir/figura4_reviews_v2/vendor/rails/actionpack/lib/action_controller/session/active_record_store.rb:284:in `initialize'
    /usr/lib/ruby/1.8/cgi/session.rb:273:in `new'
    /usr/lib/ruby/1.8/cgi/session.rb:273:in `initialize_without_cgi_reader'
    /home/figura4/svn_working_dir/figura4_reviews_v2/vendor/rails/actionpack/lib/action_controller/cgi_ext/session.rb:39:in `initialize'
    /home/figura4/svn_working_dir/figura4_reviews_v2/vendor/rails/actionpack/lib/action_controller/cgi_process.rb:130:in `new'
    /home/figura4/svn_working_dir/figura4_reviews_v2/vendor/rails/actionpack/lib/action_controller/cgi_process.rb:130:in `session'
    /home/figura4/svn_working_dir/figura4_reviews_v2/vendor/rails/actionpack/lib/action_controller/cgi_process.rb:166:in `stale_session_check!'
    /home/figura4/svn_working_dir/figura4_reviews_v2/vendor/rails/actionpack/lib/action_controller/cgi_process.rb:114:in `session'
    /home/figura4/svn_working_dir/figura4_reviews_v2/vendor/rails/actionpack/lib/action_controller/base.rb:1141:in `assign_shortcuts_without_flash'
    /home/figura4/svn_working_dir/figura4_reviews_v2/vendor/rails/actionpack/lib/action_controller/flash.rb:167:in `assign_shortcuts'
    /home/figura4/svn_working_dir/figura4_reviews_v2/vendor/rails/actionpack/lib/action_controller/base.rb:518:in `process_without_filters'
    /home/figura4/svn_working_dir/figura4_reviews_v2/vendor/rails/actionpack/lib/action_controller/filters.rb:685:in `process_without_session_management_support'
    /home/figura4/svn_working_dir/figura4_reviews_v2/vendor/rails/actionpack/lib/action_controller/session_management.rb:123:in `process'
    /home/figura4/svn_working_dir/figura4_reviews_v2/vendor/rails/actionpack/lib/action_controller/base.rb:388:in `process'
    /home/figura4/svn_working_dir/figura4_reviews_v2/vendor/rails/actionpack/lib/action_controller/dispatcher.rb:171:in `handle_request'
    /home/figura4/svn_working_dir/figura4_reviews_v2/vendor/rails/actionpack/lib/action_controller/dispatcher.rb:115:in `dispatch'
    /home/figura4/svn_working_dir/figura4_reviews_v2/vendor/rails/actionpack/lib/action_controller/dispatcher.rb:126:in `dispatch_cgi'
    /home/figura4/svn_working_dir/figura4_reviews_v2/vendor/rails/actionpack/lib/action_controller/dispatcher.rb:9:in `dispatch'
    /home/figura4/svn_working_dir/figura4_reviews_v2/vendor/rails/railties/lib/webrick_server.rb:112:in `handle_dispatch'
    /home/figura4/svn_working_dir/figura4_reviews_v2/vendor/rails/railties/lib/webrick_server.rb:78:in `service'
    /usr/lib/ruby/1.8/webrick/httpserver.rb:104:in `service'
    /usr/lib/ruby/1.8/webrick/httpserver.rb:65:in `run'
    /usr/lib/ruby/1.8/webrick/server.rb:173:in `start_thread'
    /usr/lib/ruby/1.8/webrick/server.rb:162:in `start'
    /usr/lib/ruby/1.8/webrick/server.rb:162:in `start_thread'
    /usr/lib/ruby/1.8/webrick/server.rb:95:in `start'
    /usr/lib/ruby/1.8/webrick/server.rb:92:in `each'
    /usr/lib/ruby/1.8/webrick/server.rb:92:in `start'
    /usr/lib/ruby/1.8/webrick/server.rb:23:in `start'
    /usr/lib/ruby/1.8/webrick/server.rb:82:in `start'
    /home/figura4/svn_working_dir/figura4_reviews_v2/vendor/rails/railties/lib/webrick_server.rb:62:in `dispatch'
    /home/figura4/svn_working_dir/figura4_reviews_v2/vendor/rails/railties/lib/commands/servers/webrick.rb:66
    /usr/local/lib/site_ruby/1.8/rubygems/custom_require.rb:27:in `gem_original_require'
    /usr/local/lib/site_ruby/1.8/rubygems/custom_require.rb:27:in `require'
    /home/figura4/svn_working_dir/figura4_reviews_v2/vendor/rails/activesupport/lib/active_support/dependencies.rb:496:in `require'
    /home/figura4/svn_working_dir/figura4_reviews_v2/vendor/rails/activesupport/lib/active_support/dependencies.rb:342:in `new_constants_in'
    /home/figura4/svn_working_dir/figura4_reviews_v2/vendor/rails/activesupport/lib/active_support/dependencies.rb:496:in `require'
    /home/figura4/svn_working_dir/figura4_reviews_v2/vendor/rails/railties/lib/commands/server.rb:39
    ./script/server:3:in `require'
    ./script/server:3
    -e:2:in `load'
    -e:2
